<?xml version="1.0" encoding="UTF-8"?>
<testng-results ignored="0" total="1" passed="1" failed="0" skipped="0">
  <reporter-output>
  </reporter-output>
  <suite started-at="2026-01-01T15:52:21 IST" name="Default suite" finished-at="2026-01-01T15:52:38 IST" duration-ms="17796">
    <groups>
      <group name="cucumber">
        <method signature="AbstractTestNGCucumberTests.runScenario(io.cucumber.testng.PickleWrapper,io.cucumber.testng.FeatureWrapper)[pri:0, instance:TestRunner.TestRunTestng@2362f559]" name="runScenario" class="io.cucumber.testng.AbstractTestNGCucumberTests"/>
      </group> <!-- cucumber -->
    </groups>
    <test started-at="2026-01-01T15:52:21 IST" name="Default test" finished-at="2026-01-01T15:52:38 IST" duration-ms="17796">
      <class name="TestRunner.TestRunTestng">
        <test-method is-config="true" signature="setUpClass(org.testng.ITestContext)[pri:0, instance:TestRunner.TestRunTestng@2362f559]" started-at="2026-01-01T15:52:21 IST" name="setUpClass" finished-at="2026-01-01T15:52:21 IST" duration-ms="351" status="PASS">
          <params>
            <param index="0">
              <value>
                <![CDATA[org.testng.TestRunner@7de4a01f]]>
              </value>
            </param>
          </params>
          <reporter-output>
          </reporter-output>
        </test-method> <!-- setUpClass -->
        <test-method signature="runScenario(io.cucumber.testng.PickleWrapper,io.cucumber.testng.FeatureWrapper)[pri:0, instance:TestRunner.TestRunTestng@2362f559]" started-at="2026-01-01T15:52:21 IST" name="runScenario" description="Runs Cucumber Scenarios" data-provider="scenarios" finished-at="2026-01-01T15:52:38 IST" duration-ms="17362" status="PASS">
          <params>
            <param index="0">
              <value>
                <![CDATA["User Submits the form successfully"]]>
              </value>
            </param>
            <param index="1">
              <value>
                <![CDATA["Submit Form in Home Page"]]>
              </value>
            </param>
          </params>
          <reporter-output>
          </reporter-output>
        </test-method> <!-- runScenario -->
        <test-method is-config="true" signature="tearDownClass()[pri:0, instance:TestRunner.TestRunTestng@2362f559]" started-at="2026-01-01T15:52:38 IST" name="tearDownClass" finished-at="2026-01-01T15:52:38 IST" duration-ms="5" status="PASS">
          <reporter-output>
          </reporter-output>
        </test-method> <!-- tearDownClass -->
      </class> <!-- TestRunner.TestRunTestng -->
    </test> <!-- Default test -->
  </suite> <!-- Default suite -->
</testng-results>
