<?xml version="1.0" encoding="UTF-8"?>
<!-- Generated by org.testng.reporters.JUnitReportReporter -->
<testsuite hostname="IBM-216V4D4" failures="0" tests="4" name="TestRunner.TestRunTestng" time="52.754" errors="0" timestamp="2026-01-01T17:05:09 IST" skipped="0">
  <testcase classname="TestRunner.TestRunTestng" name="runScenario" time="17.441"/>
  <testcase classname="TestRunner.TestRunTestng" name="runScenario" time="10.728"/>
  <testcase classname="TestRunner.TestRunTestng" name="runScenario" time="10.605"/>
  <testcase classname="TestRunner.TestRunTestng" name="runScenario" time="13.980"/>
</testsuite> <!-- TestRunner.TestRunTestng -->
